21:54:27 200 -GET /all/check      0s
21:54:29 200 -GET /all/products    15ms
21:54:30 200 -GET /images/1ZiySsD-zelkova-bonsai.jpg     7ms
21:54:30 200 -GET /images/1sXwGre-olive-tree-bonsai.jpg     7ms
21:54:30 200 -GET /images/1kIKAKW-decoratif-zelkova-bonsai.jpg     8ms
21:54:57 400 -POST /user/login    91ms
21:55:11 400 -POST /user/login    56ms
21:55:14 200 -POST /user/login    56ms
21:55:14 200 -GET /all/products     3ms
21:55:16 200 -GET /images/1jxtFik-geometric-buxus-bonsai.jpg     6ms
21:55:17 200 -GET /images/1ceqjif-ficusbonsaimineseries.jpg      0s
21:55:17 200 -GET /images/2SuNvPW-Winter-Tale.jpg      0s
21:55:17 200 -GET /images/1cmECov-black-stoneage.jpg     7ms
21:55:17 200 -GET /images/2XGTDkP-roses.jpg     5ms
21:55:18 200 -GET /images/2DrjIvp-snowman.jpg      0s
21:55:18 200 -GET /images/1FOHIQc-moss.jpg      0s
21:55:18 200 -GET /images/1qPRNtg-bucephalandra-biblis-sky-blue-saksi-canli-bitki-22935-300x300.jpg.webp      0s
21:55:18 200 -GET /images/1lhdUuA-hemigraphis-exotica-saksi-canli-bitki-5457-300x300.jpg.webp      0s
21:55:18 200 -GET /images/4mnqZkx-Ads%C4%B1z%20Jam%201.png      0s
21:55:22 200 -GET /all/comments     7ms
21:55:29 200 -GET /all/sellerstatics     4ms
21:55:29 200 -GET /all/company     5ms
21:55:35 200 -GET /all/categories     3ms
21:55:43 200 -GET /all/search    10ms
21:55:46 200 -GET /user/getcart     7ms
21:55:47 200 -GET /all/products     2ms
21:55:49 200 -GET /user/addtocart    15ms
21:55:51 200 -GET /user/getcart     7ms
21:56:04 200 -POST /user/addmessage    17ms
21:56:04 200 -GET /user/getcart     2ms
21:56:06 200 -GET /user/getaddresses     5ms
21:56:11 200 -GET /user/getaddresses     2ms
21:56:35 200 -POST /user/addaddress     9ms
21:56:35 200 -GET /user/getaddresses     2ms
21:56:38 200 -GET /user/getcart     2ms
21:56:38 200 -GET /images/1ZiySsD-zelkova-bonsai.jpg      0s
21:56:39 200 -GET /user/getaddresses     2ms
21:56:53 200 -GET /user/buycart    21ms
21:56:55 200 -GET /user/getcart     2ms
21:56:58 200 -GET /all/check      0s
21:57:00 200 -GET /all/products     3ms
21:57:01 200 -GET /images/1kIKAKW-decoratif-zelkova-bonsai.jpg      0s
21:57:01 200 -GET /images/1ZiySsD-zelkova-bonsai.jpg     7ms
21:57:01 200 -GET /images/1sXwGre-olive-tree-bonsai.jpg     2ms
21:57:04 200 -GET /user/orders     9ms
21:57:04 200 -GET /images/2DrjIvp-snowman.jpg      0s
21:57:05 200 -GET /images/2XGTDkP-roses.jpg      0s
21:57:05 200 -GET /images/1jxtFik-geometric-buxus-bonsai.jpg      0s
21:57:23 200 -POST /seller/login    57ms
21:57:24 200 -GET /seller/getproduct     7ms
21:57:24 200 -GET /images/1ceqjif-ficusbonsaimineseries.jpg      0s
21:57:24 200 -GET /images/1lhdUuA-hemigraphis-exotica-saksi-canli-bitki-5457-300x300.jpg.webp      0s
21:57:24 200 -GET /images/1cmECov-black-stoneage.jpg     6ms
21:57:24 200 -GET /images/1FOHIQc-moss.jpg     7ms
21:57:24 200 -GET /images/1qPRNtg-bucephalandra-biblis-sky-blue-saksi-canli-bitki-22935-300x300.jpg.webp     2ms
21:57:26 200 -GET /all/categories     2ms
21:57:30 200 -GET /all/categories     2ms
21:57:33 200 -GET /seller/gallery     4ms
21:57:39 200 -GET /seller/orders     8ms
21:57:44 200 -GET /all/statuscodes     3ms
21:58:00 200 -GET /all/statuscodes     2ms
21:58:07 200 -GET /seller/updateorder     9ms
21:58:07 200 -GET /seller/orders     3ms
21:58:55 200 -GET /seller/ordersexcel    10ms
21:59:03 200 -GET /seller/orderscexcel    18ms
22:00:20 200 -GET /all/check      0s
22:00:22 200 -GET /seller/getproduct     3ms
22:00:23 200 -GET /images/1kIKAKW-decoratif-zelkova-bonsai.jpg      0s
22:00:23 200 -GET /images/1jxtFik-geometric-buxus-bonsai.jpg      0s
22:00:23 200 -GET /images/1sXwGre-olive-tree-bonsai.jpg      0s
22:00:23 200 -GET /images/1ZiySsD-zelkova-bonsai.jpg      0s
22:00:23 200 -GET /images/1qPRNtg-bucephalandra-biblis-sky-blue-saksi-canli-bitki-22935-300x300.jpg.webp      0s
22:00:23 200 -GET /images/1FOHIQc-moss.jpg      0s
22:00:23 200 -GET /images/1ceqjif-ficusbonsaimineseries.jpg      0s
22:00:23 200 -GET /images/1lhdUuA-hemigraphis-exotica-saksi-canli-bitki-5457-300x300.jpg.webp      0s
22:00:23 200 -GET /images/1cmECov-black-stoneage.jpg     6ms
22:01:14 200 -GET /admin/ok      0s
22:01:17 200 -GET /admin/readlog      0s
22:01:21 200 -GET /admin/users     3ms
22:01:23 200 -GET /admin/status     3ms
22:01:25 200 -GET /admin/products     4ms
22:01:26 200 -GET /admin/alterproducts    26ms
22:01:26 200 -GET /admin/products     2ms
22:01:29 200 -GET /admin/images     3ms
22:01:29 200 -GET /images/1cmECov-black-stoneage.jpg      0s
22:01:29 200 -GET /images/1ceqjif-ficusbonsaimineseries.jpg      0s
22:01:29 200 -GET /images/1kIKAKW-decoratif-zelkova-bonsai.jpg      0s
22:01:29 200 -GET /images/1sXwGre-olive-tree-bonsai.jpg      0s
22:01:29 200 -GET /images/1jxtFik-geometric-buxus-bonsai.jpg      0s
22:01:29 200 -GET /images/2DrjIvp-snowman.jpg      0s
22:01:29 200 -GET /images/4mnqZkx-Ads%C4%B1z%20Jam%201.png      0s
22:01:29 200 -GET /images/1ZiySsD-zelkova-bonsai.jpg      0s
22:01:29 200 -GET /images/1qPRNtg-bucephalandra-biblis-sky-blue-saksi-canli-bitki-22935-300x300.jpg.webp      0s
22:01:29 200 -GET /images/2SuNvPW-Winter-Tale.jpg      0s
22:01:29 200 -GET /images/1FOHIQc-moss.jpg      0s
22:01:29 200 -GET /images/1lhdUuA-hemigraphis-exotica-saksi-canli-bitki-5457-300x300.jpg.webp      0s
22:01:29 200 -GET /images/2XGTDkP-roses.jpg      0s
22:01:47 200 -POST /user/forget     9ms
22:01:57 200 -GET /user/confirmcode     4ms
22:01:57 404 -GET /favicon.ico      0s
22:02:07 200 -POST /user/changepass    58ms
22:02:07 200 -GET /ok      0s
22:16:52 400 -POST /user/login      0s
22:16:57 400 -POST /user/login    57ms
22:17:02 400 -POST /user/login    56ms
22:17:05 400 -POST /user/login    85ms
22:17:16 400 -POST /user/login      0s
22:17:20 200 -POST /user/login    56ms
22:17:21 200 -GET /all/products    11ms
22:17:21 200 -GET /images/1kIKAKW-decoratif-zelkova-bonsai.jpg      0s
22:17:21 200 -GET /images/1ZiySsD-zelkova-bonsai.jpg      0s
22:17:21 200 -GET /images/1sXwGre-olive-tree-bonsai.jpg      0s
22:17:35 200 -GET /images/1jxtFik-geometric-buxus-bonsai.jpg      0s
22:17:37 200 -GET /images/1ceqjif-ficusbonsaimineseries.jpg      0s
22:17:39 200 -GET /images/1cmECov-black-stoneage.jpg      0s
22:17:40 200 -GET /images/2SuNvPW-Winter-Tale.jpg      0s
22:17:50 200 -GET /all/comments     2ms
22:17:57 200 -GET /all/sellerstatics     2ms
22:17:57 200 -GET /all/company     2ms
22:18:08 200 -GET /all/comments     2ms
22:18:13 200 -GET /user/addtocart     2ms
22:18:17 200 -GET /user/getcart     1ms
22:18:24 200 -GET /user/getcart     2ms
22:18:26 200 -GET /user/getaddresses     2ms
22:18:31 200 -GET /user/getaddresses     2ms
22:19:03 200 -GET /all/categories     2ms
22:19:06 200 -GET /all/selected     7ms
22:19:06 200 -GET /images/4mnqZkx-Ads%C4%B1z%20Jam%201.png      0s
22:19:09 200 -GET /all/selected     2ms
22:19:13 200 -GET /all/selected     2ms
22:19:16 200 -GET /all/selected     2ms
22:19:16 200 -GET /images/2DrjIvp-snowman.jpg      0s
22:19:22 200 -GET /all/selected     2ms
22:19:22 200 -GET /images/1FOHIQc-moss.jpg      0s
22:19:22 200 -GET /images/1lhdUuA-hemigraphis-exotica-saksi-canli-bitki-5457-300x300.jpg.webp      0s
22:19:22 200 -GET /images/1qPRNtg-bucephalandra-biblis-sky-blue-saksi-canli-bitki-22935-300x300.jpg.webp      0s
22:19:33 200 -GET /user/getcart     2ms
22:19:47 200 -POST /user/addmessage     6ms
22:19:47 200 -GET /user/getcart     2ms
22:19:48 200 -GET /user/getaddresses     2ms
22:20:07 200 -GET /user/buycart     8ms
22:20:07 200 -GET /user/getcart     1ms
22:20:11 200 -GET /user/orders     3ms
22:20:13 200 -GET /images/2XGTDkP-roses.jpg      0s
22:20:38 200 -POST /seller/login    86ms
22:20:38 200 -GET /seller/getproduct     2ms
22:20:45 200 -GET /seller/gallery     2ms
22:21:16 200 -POST /seller/upload     7ms
22:21:16 200 -GET /seller/gallery     2ms
22:21:17 200 -GET /images/1YUywDA-IMG-20221231-WA0000.jpg      0s
22:21:17 200 -GET /images/1qPRNtg-bucephalandra-biblis-sky-blue-saksi-canli-bitki-22935-300x300.jpg.webp      0s
22:21:17 200 -GET /images/1lhdUuA-hemigraphis-exotica-saksi-canli-bitki-5457-300x300.jpg.webp      0s
22:21:21 200 -GET /seller/delete     3ms
22:21:21 200 -GET /seller/gallery     1ms
22:21:24 200 -GET /seller/orders     3ms
22:21:29 200 -GET /all/statuscodes     2ms
22:21:37 200 -GET /seller/profile      0s
22:21:38 200 -GET /seller/getproduct     2ms
22:21:41 200 -GET /all/categories     2ms
22:21:42 200 -GET /seller/gallery     2ms
22:21:48 200 -GET /all/categories     2ms
22:21:50 200 -GET /seller/gallery     2ms
22:21:59 200 -GET /admin/ok      0s
22:22:03 200 -GET /admin/readlog      0s
22:22:04 200 -GET /admin/orders     3ms
22:22:07 200 -GET /admin/users     2ms
